<?xml version="1.0" encoding="UTF-8"?>
<testng-results ignored="0" total="2" passed="2" failed="0" skipped="0">
  <reporter-output>
  </reporter-output>
  <suite started-at="2024-06-11T23:39:24Z" name="Default suite" finished-at="2024-06-11T23:39:45Z" duration-ms="21044">
    <groups>
    </groups>
    <test started-at="2024-06-11T23:39:24Z" name="Default test" finished-at="2024-06-11T23:39:45Z" duration-ms="21044">
      <class name="variousConcepts.LearnDataProvider">
        <test-method is-config="true" signature="reportGenerator()[pri:0, instance:variousConcepts.LearnDataProvider@571c5681]" started-at="2024-06-11T23:39:24Z" name="reportGenerator" finished-at="2024-06-11T23:39:24Z" duration-ms="145" status="PASS">
          <reporter-output>
          </reporter-output>
        </test-method> <!-- reportGenerator -->
        <test-method is-config="true" signature="init()[pri:0, instance:variousConcepts.LearnDataProvider@571c5681]" started-at="2024-06-11T23:39:24Z" name="init" finished-at="2024-06-11T23:39:27Z" duration-ms="3231" status="PASS">
          <reporter-output>
          </reporter-output>
        </test-method> <!-- init -->
        <test-method signature="loginTest(java.lang.String, java.lang.String)[pri:0, instance:variousConcepts.LearnDataProvider@571c5681]" started-at="2024-06-11T23:39:27Z" name="loginTest" data-provider="loginData" finished-at="2024-06-11T23:39:36Z" duration-ms="8960" status="PASS">
          <params>
            <param index="0">
              <value>
                <![CDATA[demo@codefios.com]]>
              </value>
            </param>
            <param index="1">
              <value>
                <![CDATA[abc123]]>
              </value>
            </param>
          </params>
          <reporter-output>
          </reporter-output>
        </test-method> <!-- loginTest -->
        <test-method is-config="true" signature="init()[pri:0, instance:variousConcepts.LearnDataProvider@571c5681]" started-at="2024-06-11T23:39:36Z" name="init" finished-at="2024-06-11T23:39:39Z" duration-ms="2433" status="PASS">
          <reporter-output>
          </reporter-output>
        </test-method> <!-- init -->
        <test-method signature="loginTest(java.lang.String, java.lang.String)[pri:0, instance:variousConcepts.LearnDataProvider@571c5681]" started-at="2024-06-11T23:39:39Z" name="loginTest" data-provider="loginData" finished-at="2024-06-11T23:39:45Z" duration-ms="5785" status="PASS">
          <params>
            <param index="0">
              <value>
                <![CDATA[testSelenium@techfios.com]]>
              </value>
            </param>
            <param index="1">
              <value>
                <![CDATA[abc123]]>
              </value>
            </param>
          </params>
          <reporter-output>
          </reporter-output>
        </test-method> <!-- loginTest -->
        <test-method is-config="true" signature="reporterClose()[pri:0, instance:variousConcepts.LearnDataProvider@571c5681]" started-at="2024-06-11T23:39:45Z" name="reporterClose" finished-at="2024-06-11T23:39:45Z" duration-ms="475" status="PASS">
          <reporter-output>
          </reporter-output>
        </test-method> <!-- reporterClose -->
      </class> <!-- variousConcepts.LearnDataProvider -->
    </test> <!-- Default test -->
  </suite> <!-- Default suite -->
</testng-results>
